2018-12-07 01:48:03,931 [Worker-6: Loading available Gradle versions] INFO  c.g.t.t.d.PublishedGradleVersions - Gradle version information cache is up-to-date. Trying to read.
2018-12-07 02:08:39,554 [Worker-5: Loading available Gradle versions] INFO  c.g.t.t.d.PublishedGradleVersions - Gradle version information cache is up-to-date. Trying to read.
2018-12-07 02:13:20,896 [Worker-1: Loading available Gradle versions] INFO  c.g.t.t.d.PublishedGradleVersions - Gradle version information cache is up-to-date. Trying to read.
2018-12-12 18:29:48,851 [Worker-7: Loading available Gradle versions] INFO  c.g.t.t.d.PublishedGradleVersions - Gradle version information cache is out-of-date. Trying to update.
2018-12-12 18:33:22,316 [Worker-7: Loading available Gradle versions] INFO  c.g.t.t.d.PublishedGradleVersions - Gradle version information cache is up-to-date. Trying to read.
2018-12-12 18:42:43,919 [Worker-3: Loading available Gradle versions] INFO  c.g.t.t.d.PublishedGradleVersions - Gradle version information cache is up-to-date. Trying to read.
2018-12-12 23:03:03,834 [Worker-4: Loading available Gradle versions] INFO  c.g.t.t.d.PublishedGradleVersions - Gradle version information cache is up-to-date. Trying to read.
2018-12-14 03:35:27,303 [main] ERROR o.e.m.w.i.WTPResourcesContentProvider - Error getting pipelined children : Resource '/spring-mvc-demo' does not exist.
org.eclipse.core.internal.resources.ResourceException: Resource '/spring-mvc-demo' does not exist.
	at org.eclipse.core.internal.resources.Resource.checkExists(Resource.java:330) ~[na:na]
	at org.eclipse.core.internal.resources.Resource.checkAccessible(Resource.java:204) ~[na:na]
	at org.eclipse.core.internal.resources.Project.checkAccessible(Project.java:145) ~[na:na]
	at org.eclipse.core.internal.resources.Project.hasNature(Project.java:540) ~[na:na]
	at org.eclipse.m2e.wtp.internal.WTPResourcesContentProvider.getPipelinedChildren(WTPResourcesContentProvider.java:75) ~[na:na]
	at org.eclipse.ui.internal.navigator.extensions.SafeDelegateTreeContentProvider.getPipelinedChildren(SafeDelegateTreeContentProvider.java:175) [org.eclipse.ui.navigator_3.7.200.v20180828-0837.jar:na]
	at org.eclipse.ui.internal.navigator.NavigatorContentServiceContentProvider.pipelineChildren(NavigatorContentServiceContentProvider.java:213) [org.eclipse.ui.navigator_3.7.200.v20180828-0837.jar:na]
	at org.eclipse.ui.internal.navigator.NavigatorContentServiceContentProvider.access$1(NavigatorContentServiceContentProvider.java:201) [org.eclipse.ui.navigator_3.7.200.v20180828-0837.jar:na]
	at org.eclipse.ui.internal.navigator.NavigatorContentServiceContentProvider$1.run(NavigatorContentServiceContentProvider.java:169) [org.eclipse.ui.navigator_3.7.200.v20180828-0837.jar:na]
	at org.eclipse.core.runtime.SafeRunner.run(SafeRunner.java:45) [org.eclipse.equinox.common_3.10.100.v20180827-1235.jar:na]
	at org.eclipse.ui.internal.navigator.NavigatorContentServiceContentProvider.internalGetChildren(NavigatorContentServiceContentProvider.java:146) [org.eclipse.ui.navigator_3.7.200.v20180828-0837.jar:na]
	at org.eclipse.ui.internal.navigator.NavigatorContentServiceContentProvider.getChildren(NavigatorContentServiceContentProvider.java:132) [org.eclipse.ui.navigator_3.7.200.v20180828-0837.jar:na]
	at org.eclipse.jface.viewers.AbstractTreeViewer.getRawChildren(AbstractTreeViewer.java:1415) [org.eclipse.jface_3.14.100.v20180828-0836.jar:na]
	at org.eclipse.jface.viewers.TreeViewer.getRawChildren(TreeViewer.java:350) [org.eclipse.jface_3.14.100.v20180828-0836.jar:na]
	at org.eclipse.jface.viewers.StructuredViewer.getFilteredChildren(StructuredViewer.java:903) [org.eclipse.jface_3.14.100.v20180828-0836.jar:na]
	at org.eclipse.jface.viewers.AbstractTreeViewer.getSortedChildren(AbstractTreeViewer.java:621) [org.eclipse.jface_3.14.100.v20180828-0836.jar:na]
	at org.eclipse.jface.viewers.AbstractTreeViewer.createChildren(AbstractTreeViewer.java:813) [org.eclipse.jface_3.14.100.v20180828-0836.jar:na]
	at org.eclipse.jface.viewers.TreeViewer.createChildren(TreeViewer.java:604) [org.eclipse.jface_3.14.100.v20180828-0836.jar:na]
	at org.eclipse.jface.viewers.AbstractTreeViewer.createChildren(AbstractTreeViewer.java:766) [org.eclipse.jface_3.14.100.v20180828-0836.jar:na]
	at org.eclipse.jface.viewers.AbstractTreeViewer.setExpandedState(AbstractTreeViewer.java:2518) [org.eclipse.jface_3.14.100.v20180828-0836.jar:na]
	at org.eclipse.wst.jsdt.internal.ui.navigator.OpenAndExpand.expand(OpenAndExpand.java:260) [org.eclipse.wst.jsdt.ui_2.0.301.v201710051729.jar:na]
	at org.eclipse.wst.jsdt.internal.ui.navigator.OpenAndExpand.run(OpenAndExpand.java:46) [org.eclipse.wst.jsdt.ui_2.0.301.v201710051729.jar:na]
	at org.eclipse.ui.actions.RetargetAction.run(RetargetAction.java:219) [org.eclipse.ui.workbench_3.112.0.v20180906-1121.jar:na]
	at org.eclipse.ui.navigator.CommonNavigatorManager$1.open(CommonNavigatorManager.java:183) [org.eclipse.ui.navigator_3.7.200.v20180828-0837.jar:na]
	at org.eclipse.ui.OpenAndLinkWithEditorHelper$InternalListener.open(OpenAndLinkWithEditorHelper.java:49) [org.eclipse.ui.workbench_3.112.0.v20180906-1121.jar:na]
	at org.eclipse.jface.viewers.StructuredViewer$2.run(StructuredViewer.java:853) [org.eclipse.jface_3.14.100.v20180828-0836.jar:na]
	at org.eclipse.core.runtime.SafeRunner.run(SafeRunner.java:45) [org.eclipse.equinox.common_3.10.100.v20180827-1235.jar:na]
	at org.eclipse.ui.internal.JFaceUtil.lambda$0(JFaceUtil.java:47) [org.eclipse.ui.workbench_3.112.0.v20180906-1121.jar:na]
	at org.eclipse.jface.util.SafeRunnable.run(SafeRunnable.java:176) ~[org.eclipse.jface_3.14.100.v20180828-0836.jar:na]
	at org.eclipse.jface.viewers.StructuredViewer.fireOpen(StructuredViewer.java:850) [org.eclipse.jface_3.14.100.v20180828-0836.jar:na]
	at org.eclipse.jface.viewers.StructuredViewer.handleOpen(StructuredViewer.java:1165) [org.eclipse.jface_3.14.100.v20180828-0836.jar:na]
	at org.eclipse.ui.navigator.CommonViewer.handleOpen(CommonViewer.java:454) ~[na:na]
	at org.eclipse.jface.util.OpenStrategy.fireOpenEvent(OpenStrategy.java:276) ~[org.eclipse.jface_3.14.100.v20180828-0836.jar:na]
	at org.eclipse.jface.util.OpenStrategy.access$2(OpenStrategy.java:271) ~[org.eclipse.jface_3.14.100.v20180828-0836.jar:na]
	at org.eclipse.jface.util.OpenStrategy$1.handleEvent(OpenStrategy.java:311) ~[org.eclipse.jface_3.14.100.v20180828-0836.jar:na]
	at org.eclipse.swt.widgets.EventTable.sendEvent(EventTable.java:89) ~[org.eclipse.swt.cocoa.macosx.x86_64_3.108.0.v20180904-1901.jar:na]
	at org.eclipse.swt.widgets.Display.sendEvent(Display.java:4292) ~[org.eclipse.swt.cocoa.macosx.x86_64_3.108.0.v20180904-1901.jar:na]
	at org.eclipse.swt.widgets.Widget.sendEvent(Widget.java:1512) ~[org.eclipse.swt.cocoa.macosx.x86_64_3.108.0.v20180904-1901.jar:na]
	at org.eclipse.swt.widgets.Widget.sendEvent(Widget.java:1535) ~[org.eclipse.swt.cocoa.macosx.x86_64_3.108.0.v20180904-1901.jar:na]
	at org.eclipse.swt.widgets.Widget.sendEvent(Widget.java:1520) ~[org.eclipse.swt.cocoa.macosx.x86_64_3.108.0.v20180904-1901.jar:na]
	at org.eclipse.swt.widgets.Widget.notifyListeners(Widget.java:1324) ~[org.eclipse.swt.cocoa.macosx.x86_64_3.108.0.v20180904-1901.jar:na]
	at org.eclipse.swt.widgets.Display.runDeferredEvents(Display.java:4116) ~[org.eclipse.swt.cocoa.macosx.x86_64_3.108.0.v20180904-1901.jar:na]
	at org.eclipse.swt.widgets.Display.readAndDispatch(Display.java:3733) ~[org.eclipse.swt.cocoa.macosx.x86_64_3.108.0.v20180904-1901.jar:na]
	at org.eclipse.e4.ui.internal.workbench.swt.PartRenderingEngine$5.run(PartRenderingEngine.java:1173) ~[org.eclipse.e4.ui.workbench.swt_0.14.300.v20180906-1121.jar:na]
	at org.eclipse.core.databinding.observable.Realm.runWithDefault(Realm.java:339) ~[org.eclipse.core.databinding.observable_1.6.300.v20180827-2028.jar:na]
	at org.eclipse.e4.ui.internal.workbench.swt.PartRenderingEngine.run(PartRenderingEngine.java:1062) ~[org.eclipse.e4.ui.workbench.swt_0.14.300.v20180906-1121.jar:na]
	at org.eclipse.e4.ui.internal.workbench.E4Workbench.createAndRunUI(E4Workbench.java:156) ~[org.eclipse.e4.ui.workbench_1.7.0.v20180906-1121.jar:na]
	at org.eclipse.ui.internal.Workbench.lambda$3(Workbench.java:628) ~[org.eclipse.ui.workbench_3.112.0.v20180906-1121.jar:na]
	at org.eclipse.core.databinding.observable.Realm.runWithDefault(Realm.java:339) ~[org.eclipse.core.databinding.observable_1.6.300.v20180827-2028.jar:na]
	at org.eclipse.ui.internal.Workbench.createAndRunWorkbench(Workbench.java:563) ~[org.eclipse.ui.workbench_3.112.0.v20180906-1121.jar:na]
	at org.eclipse.ui.PlatformUI.createAndRunWorkbench(PlatformUI.java:151) ~[org.eclipse.ui.workbench_3.112.0.v20180906-1121.jar:na]
	at org.eclipse.ui.internal.ide.application.IDEApplication.start(IDEApplication.java:155) ~[na:na]
	at org.eclipse.equinox.internal.app.EclipseAppHandle.run(EclipseAppHandle.java:199) ~[org.eclipse.equinox.app_1.3.600.v20180827-1235.jar:na]
	at org.eclipse.core.runtime.internal.adaptor.EclipseAppLauncher.runApplication(EclipseAppLauncher.java:137) ~[org.eclipse.osgi_3.13.100.v20180827-1536.jar:na]
	at org.eclipse.core.runtime.internal.adaptor.EclipseAppLauncher.start(EclipseAppLauncher.java:107) ~[org.eclipse.osgi_3.13.100.v20180827-1536.jar:na]
	at org.eclipse.core.runtime.adaptor.EclipseStarter.run(EclipseStarter.java:391) ~[org.eclipse.osgi_3.13.100.v20180827-1536.jar:na]
	at org.eclipse.core.runtime.adaptor.EclipseStarter.run(EclipseStarter.java:246) ~[org.eclipse.osgi_3.13.100.v20180827-1536.jar:na]
	at sun.reflect.NativeMethodAccessorImpl.invoke0(Native Method) ~[na:1.8.0_162]
	at sun.reflect.NativeMethodAccessorImpl.invoke(NativeMethodAccessorImpl.java:62) ~[na:1.8.0_162]
	at sun.reflect.DelegatingMethodAccessorImpl.invoke(DelegatingMethodAccessorImpl.java:43) ~[na:1.8.0_162]
	at java.lang.reflect.Method.invoke(Method.java:498) ~[na:1.8.0_162]
	at org.eclipse.equinox.launcher.Main.invokeFramework(Main.java:659) ~[org.eclipse.equinox.launcher_1.5.100.v20180827-1352.jar:na]
	at org.eclipse.equinox.launcher.Main.basicRun(Main.java:595) ~[org.eclipse.equinox.launcher_1.5.100.v20180827-1352.jar:na]
	at org.eclipse.equinox.launcher.Main.run(Main.java:1501) ~[org.eclipse.equinox.launcher_1.5.100.v20180827-1352.jar:na]
Caused by: java.lang.Exception: Resource '/spring-mvc-demo' does not exist.
	at org.eclipse.core.internal.resources.ResourceException.provideStackTrace(ResourceException.java:42) ~[na:na]
	at org.eclipse.core.internal.resources.ResourceException.<init>(ResourceException.java:38) ~[na:na]
	... 64 common frames omitted
2018-12-19 16:29:42,331 [Worker-0: Loading available Gradle versions] INFO  c.g.t.t.d.PublishedGradleVersions - Gradle version information cache is out-of-date. Trying to update.
2018-12-19 22:03:47,311 [Worker-0: Loading available Gradle versions] INFO  c.g.t.t.d.PublishedGradleVersions - Gradle version information cache is up-to-date. Trying to read.
2018-12-20 15:46:39,285 [Worker-6: Loading available Gradle versions] INFO  c.g.t.t.d.PublishedGradleVersions - Gradle version information cache is up-to-date. Trying to read.
2018-12-27 00:49:05,709 [Worker-6: Loading available Gradle versions] INFO  c.g.t.t.d.PublishedGradleVersions - Gradle version information cache is out-of-date. Trying to update.
2018-12-27 02:26:43,901 [Worker-3: Loading available Gradle versions] INFO  c.g.t.t.d.PublishedGradleVersions - Gradle version information cache is up-to-date. Trying to read.
2019-01-02 20:43:07,628 [Worker-4: Loading available Gradle versions] INFO  c.g.t.t.d.PublishedGradleVersions - Gradle version information cache is out-of-date. Trying to update.
2019-01-03 15:16:17,698 [Worker-18: Loading available Gradle versions] INFO  c.g.t.t.d.PublishedGradleVersions - Gradle version information cache is up-to-date. Trying to read.
